
> start
> node ./scripts/start-with-env.mjs

[remix-serve] http://localhost:3001 (http://192.168.0.195:3001)
GET /_next/webpack-hmr?id=5VFsOFOfnQ4yBYtPp596k 404 - - 44.343 ms
GET /_next/webpack-hmr?id=RMgLyYf2oARzdugNiCLd- 404 - - 3.422 ms
GET /_next/webpack-hmr?id=5VFsOFOfnQ4yBYtPp596k 404 - - 2.888 ms
GET /_next/webpack-hmr?id=RMgLyYf2oARzdugNiCLd- 404 - - 2.686 ms
GET /_next/webpack-hmr?id=5VFsOFOfnQ4yBYtPp596k 404 - - 20.053 ms
GET /_next/webpack-hmr?id=RMgLyYf2oARzdugNiCLd- 404 - - 3.319 ms
GET /_next/webpack-hmr?id=5VFsOFOfnQ4yBYtPp596k 404 - - 3.558 ms
GET /_next/webpack-hmr?id=RMgLyYf2oARzdugNiCLd- 404 - - 3.157 ms
GET /_next/webpack-hmr?id=5VFsOFOfnQ4yBYtPp596k 404 - - 3.762 ms
GET /_next/webpack-hmr?id=RMgLyYf2oARzdugNiCLd- 404 - - 3.103 ms
GET /_next/webpack-hmr?id=5VFsOFOfnQ4yBYtPp596k 404 - - 7.472 ms
GET /_next/webpack-hmr?id=RMgLyYf2oARzdugNiCLd- 404 - - 4.752 ms
GET /login 200 - - 15.439 ms
GET /_next/webpack-hmr?id=5VFsOFOfnQ4yBYtPp596k 404 - - 4.463 ms
GET /_next/webpack-hmr?id=RMgLyYf2oARzdugNiCLd- 404 - - 4.112 ms
GET /_next/webpack-hmr?id=5VFsOFOfnQ4yBYtPp596k 404 - - 7.178 ms
GET /_next/webpack-hmr?id=RMgLyYf2oARzdugNiCLd- 404 - - 4.534 ms
GET /_next/webpack-hmr?id=RMgLyYf2oARzdugNiCLd- 404 - - 5.806 ms
GET /_next/webpack-hmr?id=5VFsOFOfnQ4yBYtPp596k 404 - - 5.382 ms
GET /_next/webpack-hmr?id=5VFsOFOfnQ4yBYtPp596k 404 - - 4.888 ms
GET /_next/webpack-hmr?id=RMgLyYf2oARzdugNiCLd- 404 - - 5.310 ms
GET /_next/webpack-hmr?id=5VFsOFOfnQ4yBYtPp596k 404 - - 4.124 ms
GET /_next/webpack-hmr?id=RMgLyYf2oARzdugNiCLd- 404 - - 3.660 ms
GET /_next/webpack-hmr?id=5VFsOFOfnQ4yBYtPp596k 404 - - 4.448 ms
GET /manage_business/settings?businessId=ec49123b-44e0-4309-91a4-ab57676bbdec 404 - - 6.806 ms
GET /manage_business/settings?businessId=ec49123b-44e0-4309-91a4-ab57676bbdec 404 - - 3.881 ms
GET /login 200 - - 4.391 ms
GET / 302 - - 1.791 ms
GET /login 200 - - 2.921 ms
