Error: No route matches URL "/_next/webpack-hmr"
    at getInternalRouterError (C:\Users\larte\Desktop\React\fanal\fanal_owner\node_modules\@remix-run\router\router.ts:5513:5)
    at Object.query (C:\Users\larte\Desktop\React\fanal\fanal_owner\node_modules\@remix-run\router\router.ts:3573:19)
    at handleDocumentRequest (C:\Users\larte\Desktop\React\fanal\fanal_owner\node_modules\@remix-run\server-runtime\dist\server.js:275:35)
    at requestHandler (C:\Users\larte\Desktop\React\fanal\fanal_owner\node_modules\@remix-run\server-runtime\dist\server.js:160:24)
    at C:\Users\larte\Desktop\React\fanal\fanal_owner\node_modules\@remix-run\express\dist\server.js:41:28
ErrorResponseImpl {
  status: 404,
  statusText: 'Not Found',
  internal: true,
  data: 'Error: No route matches URL "/_next/webpack-hmr"',
  error: Error: No route matches URL "/_next/webpack-hmr"
      at getInternalRouterError (C:\Users\larte\Desktop\React\fanal\fanal_owner\node_modules\@remix-run\router\router.ts:5513:5)
      at Object.query (C:\Users\larte\Desktop\React\fanal\fanal_owner\node_modules\@remix-run\router\router.ts:3573:19)
      at handleDocumentRequest (C:\Users\larte\Desktop\React\fanal\fanal_owner\node_modules\@remix-run\server-runtime\dist\server.js:275:35)
      at requestHandler (C:\Users\larte\Desktop\React\fanal\fanal_owner\node_modules\@remix-run\server-runtime\dist\server.js:160:24)
      at C:\Users\larte\Desktop\React\fanal\fanal_owner\node_modules\@remix-run\express\dist\server.js:41:28
}
Error: No route matches URL "/_next/webpack-hmr"
    at getInternalRouterError (C:\Users\larte\Desktop\React\fanal\fanal_owner\node_modules\@remix-run\router\router.ts:5513:5)
    at Object.query (C:\Users\larte\Desktop\React\fanal\fanal_owner\node_modules\@remix-run\router\router.ts:3573:19)
    at handleDocumentRequest (C:\Users\larte\Desktop\React\fanal\fanal_owner\node_modules\@remix-run\server-runtime\dist\server.js:275:35)
    at requestHandler (C:\Users\larte\Desktop\React\fanal\fanal_owner\node_modules\@remix-run\server-runtime\dist\server.js:160:24)
    at C:\Users\larte\Desktop\React\fanal\fanal_owner\node_modules\@remix-run\express\dist\server.js:41:28
ErrorResponseImpl {
  status: 404,
  statusText: 'Not Found',
  internal: true,
  data: 'Error: No route matches URL "/_next/webpack-hmr"',
  error: Error: No route matches URL "/_next/webpack-hmr"
      at getInternalRouterError (C:\Users\larte\Desktop\React\fanal\fanal_owner\node_modules\@remix-run\router\router.ts:5513:5)
      at Object.query (C:\Users\larte\Desktop\React\fanal\fanal_owner\node_modules\@remix-run\router\router.ts:3573:19)
      at handleDocumentRequest (C:\Users\larte\Desktop\React\fanal\fanal_owner\node_modules\@remix-run\server-runtime\dist\server.js:275:35)
      at requestHandler (C:\Users\larte\Desktop\React\fanal\fanal_owner\node_modules\@remix-run\server-runtime\dist\server.js:160:24)
      at C:\Users\larte\Desktop\React\fanal\fanal_owner\node_modules\@remix-run\express\dist\server.js:41:28
}
Error: No route matches URL "/_next/webpack-hmr"
    at getInternalRouterError (C:\Users\larte\Desktop\React\fanal\fanal_owner\node_modules\@remix-run\router\router.ts:5513:5)
    at Object.query (C:\Users\larte\Desktop\React\fanal\fanal_owner\node_modules\@remix-run\router\router.ts:3573:19)
    at handleDocumentRequest (C:\Users\larte\Desktop\React\fanal\fanal_owner\node_modules\@remix-run\server-runtime\dist\server.js:275:35)
    at requestHandler (C:\Users\larte\Desktop\React\fanal\fanal_owner\node_modules\@remix-run\server-runtime\dist\server.js:160:24)
    at C:\Users\larte\Desktop\React\fanal\fanal_owner\node_modules\@remix-run\express\dist\server.js:41:28
ErrorResponseImpl {
  status: 404,
  statusText: 'Not Found',
  internal: true,
  data: 'Error: No route matches URL "/_next/webpack-hmr"',
  error: Error: No route matches URL "/_next/webpack-hmr"
      at getInternalRouterError (C:\Users\larte\Desktop\React\fanal\fanal_owner\node_modules\@remix-run\router\router.ts:5513:5)
      at Object.query (C:\Users\larte\Desktop\React\fanal\fanal_owner\node_modules\@remix-run\router\router.ts:3573:19)
      at handleDocumentRequest (C:\Users\larte\Desktop\React\fanal\fanal_owner\node_modules\@remix-run\server-runtime\dist\server.js:275:35)
      at requestHandler (C:\Users\larte\Desktop\React\fanal\fanal_owner\node_modules\@remix-run\server-runtime\dist\server.js:160:24)
      at C:\Users\larte\Desktop\React\fanal\fanal_owner\node_modules\@remix-run\express\dist\server.js:41:28
}
Error: No route matches URL "/_next/webpack-hmr"
    at getInternalRouterError (C:\Users\larte\Desktop\React\fanal\fanal_owner\node_modules\@remix-run\router\router.ts:5513:5)
    at Object.query (C:\Users\larte\Desktop\React\fanal\fanal_owner\node_modules\@remix-run\router\router.ts:3573:19)
    at handleDocumentRequest (C:\Users\larte\Desktop\React\fanal\fanal_owner\node_modules\@remix-run\server-runtime\dist\server.js:275:35)
    at requestHandler (C:\Users\larte\Desktop\React\fanal\fanal_owner\node_modules\@remix-run\server-runtime\dist\server.js:160:24)
    at C:\Users\larte\Desktop\React\fanal\fanal_owner\node_modules\@remix-run\express\dist\server.js:41:28
ErrorResponseImpl {
  status: 404,
  statusText: 'Not Found',
  internal: true,
  data: 'Error: No route matches URL "/_next/webpack-hmr"',
  error: Error: No route matches URL "/_next/webpack-hmr"
      at getInternalRouterError (C:\Users\larte\Desktop\React\fanal\fanal_owner\node_modules\@remix-run\router\router.ts:5513:5)
      at Object.query (C:\Users\larte\Desktop\React\fanal\fanal_owner\node_modules\@remix-run\router\router.ts:3573:19)
      at handleDocumentRequest (C:\Users\larte\Desktop\React\fanal\fanal_owner\node_modules\@remix-run\server-runtime\dist\server.js:275:35)
      at requestHandler (C:\Users\larte\Desktop\React\fanal\fanal_owner\node_modules\@remix-run\server-runtime\dist\server.js:160:24)
      at C:\Users\larte\Desktop\React\fanal\fanal_owner\node_modules\@remix-run\express\dist\server.js:41:28
}
Error: No route matches URL "/_next/webpack-hmr"
    at getInternalRouterError (C:\Users\larte\Desktop\React\fanal\fanal_owner\node_modules\@remix-run\router\router.ts:5513:5)
    at Object.query (C:\Users\larte\Desktop\React\fanal\fanal_owner\node_modules\@remix-run\router\router.ts:3573:19)
    at handleDocumentRequest (C:\Users\larte\Desktop\React\fanal\fanal_owner\node_modules\@remix-run\server-runtime\dist\server.js:275:35)
    at requestHandler (C:\Users\larte\Desktop\React\fanal\fanal_owner\node_modules\@remix-run\server-runtime\dist\server.js:160:24)
    at C:\Users\larte\Desktop\React\fanal\fanal_owner\node_modules\@remix-run\express\dist\server.js:41:28
ErrorResponseImpl {
  status: 404,
  statusText: 'Not Found',
  internal: true,
  data: 'Error: No route matches URL "/_next/webpack-hmr"',
  error: Error: No route matches URL "/_next/webpack-hmr"
      at getInternalRouterError (C:\Users\larte\Desktop\React\fanal\fanal_owner\node_modules\@remix-run\router\router.ts:5513:5)
      at Object.query (C:\Users\larte\Desktop\React\fanal\fanal_owner\node_modules\@remix-run\router\router.ts:3573:19)
      at handleDocumentRequest (C:\Users\larte\Desktop\React\fanal\fanal_owner\node_modules\@remix-run\server-runtime\dist\server.js:275:35)
      at requestHandler (C:\Users\larte\Desktop\React\fanal\fanal_owner\node_modules\@remix-run\server-runtime\dist\server.js:160:24)
      at C:\Users\larte\Desktop\React\fanal\fanal_owner\node_modules\@remix-run\express\dist\server.js:41:28
}
Error: No route matches URL "/_next/webpack-hmr"
    at getInternalRouterError (C:\Users\larte\Desktop\React\fanal\fanal_owner\node_modules\@remix-run\router\router.ts:5513:5)
    at Object.query (C:\Users\larte\Desktop\React\fanal\fanal_owner\node_modules\@remix-run\router\router.ts:3573:19)
    at handleDocumentRequest (C:\Users\larte\Desktop\React\fanal\fanal_owner\node_modules\@remix-run\server-runtime\dist\server.js:275:35)
    at requestHandler (C:\Users\larte\Desktop\React\fanal\fanal_owner\node_modules\@remix-run\server-runtime\dist\server.js:160:24)
    at C:\Users\larte\Desktop\React\fanal\fanal_owner\node_modules\@remix-run\express\dist\server.js:41:28
ErrorResponseImpl {
  status: 404,
  statusText: 'Not Found',
  internal: true,
  data: 'Error: No route matches URL "/_next/webpack-hmr"',
  error: Error: No route matches URL "/_next/webpack-hmr"
      at getInternalRouterError (C:\Users\larte\Desktop\React\fanal\fanal_owner\node_modules\@remix-run\router\router.ts:5513:5)
      at Object.query (C:\Users\larte\Desktop\React\fanal\fanal_owner\node_modules\@remix-run\router\router.ts:3573:19)
      at handleDocumentRequest (C:\Users\larte\Desktop\React\fanal\fanal_owner\node_modules\@remix-run\server-runtime\dist\server.js:275:35)
      at requestHandler (C:\Users\larte\Desktop\React\fanal\fanal_owner\node_modules\@remix-run\server-runtime\dist\server.js:160:24)
      at C:\Users\larte\Desktop\React\fanal\fanal_owner\node_modules\@remix-run\express\dist\server.js:41:28
}
Error: No route matches URL "/_next/webpack-hmr"
    at getInternalRouterError (C:\Users\larte\Desktop\React\fanal\fanal_owner\node_modules\@remix-run\router\router.ts:5513:5)
    at Object.query (C:\Users\larte\Desktop\React\fanal\fanal_owner\node_modules\@remix-run\router\router.ts:3573:19)
    at handleDocumentRequest (C:\Users\larte\Desktop\React\fanal\fanal_owner\node_modules\@remix-run\server-runtime\dist\server.js:275:35)
    at requestHandler (C:\Users\larte\Desktop\React\fanal\fanal_owner\node_modules\@remix-run\server-runtime\dist\server.js:160:24)
    at C:\Users\larte\Desktop\React\fanal\fanal_owner\node_modules\@remix-run\express\dist\server.js:41:28
ErrorResponseImpl {
  status: 404,
  statusText: 'Not Found',
  internal: true,
  data: 'Error: No route matches URL "/_next/webpack-hmr"',
  error: Error: No route matches URL "/_next/webpack-hmr"
      at getInternalRouterError (C:\Users\larte\Desktop\React\fanal\fanal_owner\node_modules\@remix-run\router\router.ts:5513:5)
      at Object.query (C:\Users\larte\Desktop\React\fanal\fanal_owner\node_modules\@remix-run\router\router.ts:3573:19)
      at handleDocumentRequest (C:\Users\larte\Desktop\React\fanal\fanal_owner\node_modules\@remix-run\server-runtime\dist\server.js:275:35)
      at requestHandler (C:\Users\larte\Desktop\React\fanal\fanal_owner\node_modules\@remix-run\server-runtime\dist\server.js:160:24)
      at C:\Users\larte\Desktop\React\fanal\fanal_owner\node_modules\@remix-run\express\dist\server.js:41:28
}
Error: No route matches URL "/_next/webpack-hmr"
    at getInternalRouterError (C:\Users\larte\Desktop\React\fanal\fanal_owner\node_modules\@remix-run\router\router.ts:5513:5)
    at Object.query (C:\Users\larte\Desktop\React\fanal\fanal_owner\node_modules\@remix-run\router\router.ts:3573:19)
    at handleDocumentRequest (C:\Users\larte\Desktop\React\fanal\fanal_owner\node_modules\@remix-run\server-runtime\dist\server.js:275:35)
    at requestHandler (C:\Users\larte\Desktop\React\fanal\fanal_owner\node_modules\@remix-run\server-runtime\dist\server.js:160:24)
    at C:\Users\larte\Desktop\React\fanal\fanal_owner\node_modules\@remix-run\express\dist\server.js:41:28
ErrorResponseImpl {
  status: 404,
  statusText: 'Not Found',
  internal: true,
  data: 'Error: No route matches URL "/_next/webpack-hmr"',
  error: Error: No route matches URL "/_next/webpack-hmr"
      at getInternalRouterError (C:\Users\larte\Desktop\React\fanal\fanal_owner\node_modules\@remix-run\router\router.ts:5513:5)
      at Object.query (C:\Users\larte\Desktop\React\fanal\fanal_owner\node_modules\@remix-run\router\router.ts:3573:19)
      at handleDocumentRequest (C:\Users\larte\Desktop\React\fanal\fanal_owner\node_modules\@remix-run\server-runtime\dist\server.js:275:35)
      at requestHandler (C:\Users\larte\Desktop\React\fanal\fanal_owner\node_modules\@remix-run\server-runtime\dist\server.js:160:24)
      at C:\Users\larte\Desktop\React\fanal\fanal_owner\node_modules\@remix-run\express\dist\server.js:41:28
}
Error: No route matches URL "/_next/webpack-hmr"
    at getInternalRouterError (C:\Users\larte\Desktop\React\fanal\fanal_owner\node_modules\@remix-run\router\router.ts:5513:5)
    at Object.query (C:\Users\larte\Desktop\React\fanal\fanal_owner\node_modules\@remix-run\router\router.ts:3573:19)
    at handleDocumentRequest (C:\Users\larte\Desktop\React\fanal\fanal_owner\node_modules\@remix-run\server-runtime\dist\server.js:275:35)
    at requestHandler (C:\Users\larte\Desktop\React\fanal\fanal_owner\node_modules\@remix-run\server-runtime\dist\server.js:160:24)
    at C:\Users\larte\Desktop\React\fanal\fanal_owner\node_modules\@remix-run\express\dist\server.js:41:28
ErrorResponseImpl {
  status: 404,
  statusText: 'Not Found',
  internal: true,
  data: 'Error: No route matches URL "/_next/webpack-hmr"',
  error: Error: No route matches URL "/_next/webpack-hmr"
      at getInternalRouterError (C:\Users\larte\Desktop\React\fanal\fanal_owner\node_modules\@remix-run\router\router.ts:5513:5)
      at Object.query (C:\Users\larte\Desktop\React\fanal\fanal_owner\node_modules\@remix-run\router\router.ts:3573:19)
      at handleDocumentRequest (C:\Users\larte\Desktop\React\fanal\fanal_owner\node_modules\@remix-run\server-runtime\dist\server.js:275:35)
      at requestHandler (C:\Users\larte\Desktop\React\fanal\fanal_owner\node_modules\@remix-run\server-runtime\dist\server.js:160:24)
      at C:\Users\larte\Desktop\React\fanal\fanal_owner\node_modules\@remix-run\express\dist\server.js:41:28
}
Error: No route matches URL "/_next/webpack-hmr"
    at getInternalRouterError (C:\Users\larte\Desktop\React\fanal\fanal_owner\node_modules\@remix-run\router\router.ts:5513:5)
    at Object.query (C:\Users\larte\Desktop\React\fanal\fanal_owner\node_modules\@remix-run\router\router.ts:3573:19)
    at handleDocumentRequest (C:\Users\larte\Desktop\React\fanal\fanal_owner\node_modules\@remix-run\server-runtime\dist\server.js:275:35)
    at requestHandler (C:\Users\larte\Desktop\React\fanal\fanal_owner\node_modules\@remix-run\server-runtime\dist\server.js:160:24)
    at C:\Users\larte\Desktop\React\fanal\fanal_owner\node_modules\@remix-run\express\dist\server.js:41:28
ErrorResponseImpl {
  status: 404,
  statusText: 'Not Found',
  internal: true,
  data: 'Error: No route matches URL "/_next/webpack-hmr"',
  error: Error: No route matches URL "/_next/webpack-hmr"
      at getInternalRouterError (C:\Users\larte\Desktop\React\fanal\fanal_owner\node_modules\@remix-run\router\router.ts:5513:5)
      at Object.query (C:\Users\larte\Desktop\React\fanal\fanal_owner\node_modules\@remix-run\router\router.ts:3573:19)
      at handleDocumentRequest (C:\Users\larte\Desktop\React\fanal\fanal_owner\node_modules\@remix-run\server-runtime\dist\server.js:275:35)
      at requestHandler (C:\Users\larte\Desktop\React\fanal\fanal_owner\node_modules\@remix-run\server-runtime\dist\server.js:160:24)
      at C:\Users\larte\Desktop\React\fanal\fanal_owner\node_modules\@remix-run\express\dist\server.js:41:28
}
Error: No route matches URL "/_next/webpack-hmr"
    at getInternalRouterError (C:\Users\larte\Desktop\React\fanal\fanal_owner\node_modules\@remix-run\router\router.ts:5513:5)
    at Object.query (C:\Users\larte\Desktop\React\fanal\fanal_owner\node_modules\@remix-run\router\router.ts:3573:19)
    at handleDocumentRequest (C:\Users\larte\Desktop\React\fanal\fanal_owner\node_modules\@remix-run\server-runtime\dist\server.js:275:35)
    at requestHandler (C:\Users\larte\Desktop\React\fanal\fanal_owner\node_modules\@remix-run\server-runtime\dist\server.js:160:24)
    at C:\Users\larte\Desktop\React\fanal\fanal_owner\node_modules\@remix-run\express\dist\server.js:41:28
ErrorResponseImpl {
  status: 404,
  statusText: 'Not Found',
  internal: true,
  data: 'Error: No route matches URL "/_next/webpack-hmr"',
  error: Error: No route matches URL "/_next/webpack-hmr"
      at getInternalRouterError (C:\Users\larte\Desktop\React\fanal\fanal_owner\node_modules\@remix-run\router\router.ts:5513:5)
      at Object.query (C:\Users\larte\Desktop\React\fanal\fanal_owner\node_modules\@remix-run\router\router.ts:3573:19)
      at handleDocumentRequest (C:\Users\larte\Desktop\React\fanal\fanal_owner\node_modules\@remix-run\server-runtime\dist\server.js:275:35)
      at requestHandler (C:\Users\larte\Desktop\React\fanal\fanal_owner\node_modules\@remix-run\server-runtime\dist\server.js:160:24)
      at C:\Users\larte\Desktop\React\fanal\fanal_owner\node_modules\@remix-run\express\dist\server.js:41:28
}
Error: No route matches URL "/_next/webpack-hmr"
    at getInternalRouterError (C:\Users\larte\Desktop\React\fanal\fanal_owner\node_modules\@remix-run\router\router.ts:5513:5)
    at Object.query (C:\Users\larte\Desktop\React\fanal\fanal_owner\node_modules\@remix-run\router\router.ts:3573:19)
    at handleDocumentRequest (C:\Users\larte\Desktop\React\fanal\fanal_owner\node_modules\@remix-run\server-runtime\dist\server.js:275:35)
    at requestHandler (C:\Users\larte\Desktop\React\fanal\fanal_owner\node_modules\@remix-run\server-runtime\dist\server.js:160:24)
    at C:\Users\larte\Desktop\React\fanal\fanal_owner\node_modules\@remix-run\express\dist\server.js:41:28
ErrorResponseImpl {
  status: 404,
  statusText: 'Not Found',
  internal: true,
  data: 'Error: No route matches URL "/_next/webpack-hmr"',
  error: Error: No route matches URL "/_next/webpack-hmr"
      at getInternalRouterError (C:\Users\larte\Desktop\React\fanal\fanal_owner\node_modules\@remix-run\router\router.ts:5513:5)
      at Object.query (C:\Users\larte\Desktop\React\fanal\fanal_owner\node_modules\@remix-run\router\router.ts:3573:19)
      at handleDocumentRequest (C:\Users\larte\Desktop\React\fanal\fanal_owner\node_modules\@remix-run\server-runtime\dist\server.js:275:35)
      at requestHandler (C:\Users\larte\Desktop\React\fanal\fanal_owner\node_modules\@remix-run\server-runtime\dist\server.js:160:24)
      at C:\Users\larte\Desktop\React\fanal\fanal_owner\node_modules\@remix-run\express\dist\server.js:41:28
}
Error: No route matches URL "/_next/webpack-hmr"
    at getInternalRouterError (C:\Users\larte\Desktop\React\fanal\fanal_owner\node_modules\@remix-run\router\router.ts:5513:5)
    at Object.query (C:\Users\larte\Desktop\React\fanal\fanal_owner\node_modules\@remix-run\router\router.ts:3573:19)
    at handleDocumentRequest (C:\Users\larte\Desktop\React\fanal\fanal_owner\node_modules\@remix-run\server-runtime\dist\server.js:275:35)
    at requestHandler (C:\Users\larte\Desktop\React\fanal\fanal_owner\node_modules\@remix-run\server-runtime\dist\server.js:160:24)
    at C:\Users\larte\Desktop\React\fanal\fanal_owner\node_modules\@remix-run\express\dist\server.js:41:28
ErrorResponseImpl {
  status: 404,
  statusText: 'Not Found',
  internal: true,
  data: 'Error: No route matches URL "/_next/webpack-hmr"',
  error: Error: No route matches URL "/_next/webpack-hmr"
      at getInternalRouterError (C:\Users\larte\Desktop\React\fanal\fanal_owner\node_modules\@remix-run\router\router.ts:5513:5)
      at Object.query (C:\Users\larte\Desktop\React\fanal\fanal_owner\node_modules\@remix-run\router\router.ts:3573:19)
      at handleDocumentRequest (C:\Users\larte\Desktop\React\fanal\fanal_owner\node_modules\@remix-run\server-runtime\dist\server.js:275:35)
      at requestHandler (C:\Users\larte\Desktop\React\fanal\fanal_owner\node_modules\@remix-run\server-runtime\dist\server.js:160:24)
      at C:\Users\larte\Desktop\React\fanal\fanal_owner\node_modules\@remix-run\express\dist\server.js:41:28
}
Error: No route matches URL "/_next/webpack-hmr"
    at getInternalRouterError (C:\Users\larte\Desktop\React\fanal\fanal_owner\node_modules\@remix-run\router\router.ts:5513:5)
    at Object.query (C:\Users\larte\Desktop\React\fanal\fanal_owner\node_modules\@remix-run\router\router.ts:3573:19)
    at handleDocumentRequest (C:\Users\larte\Desktop\React\fanal\fanal_owner\node_modules\@remix-run\server-runtime\dist\server.js:275:35)
    at requestHandler (C:\Users\larte\Desktop\React\fanal\fanal_owner\node_modules\@remix-run\server-runtime\dist\server.js:160:24)
    at C:\Users\larte\Desktop\React\fanal\fanal_owner\node_modules\@remix-run\express\dist\server.js:41:28
ErrorResponseImpl {
  status: 404,
  statusText: 'Not Found',
  internal: true,
  data: 'Error: No route matches URL "/_next/webpack-hmr"',
  error: Error: No route matches URL "/_next/webpack-hmr"
      at getInternalRouterError (C:\Users\larte\Desktop\React\fanal\fanal_owner\node_modules\@remix-run\router\router.ts:5513:5)
      at Object.query (C:\Users\larte\Desktop\React\fanal\fanal_owner\node_modules\@remix-run\router\router.ts:3573:19)
      at handleDocumentRequest (C:\Users\larte\Desktop\React\fanal\fanal_owner\node_modules\@remix-run\server-runtime\dist\server.js:275:35)
      at requestHandler (C:\Users\larte\Desktop\React\fanal\fanal_owner\node_modules\@remix-run\server-runtime\dist\server.js:160:24)
      at C:\Users\larte\Desktop\React\fanal\fanal_owner\node_modules\@remix-run\express\dist\server.js:41:28
}
Error: No route matches URL "/_next/webpack-hmr"
    at getInternalRouterError (C:\Users\larte\Desktop\React\fanal\fanal_owner\node_modules\@remix-run\router\router.ts:5513:5)
    at Object.query (C:\Users\larte\Desktop\React\fanal\fanal_owner\node_modules\@remix-run\router\router.ts:3573:19)
    at handleDocumentRequest (C:\Users\larte\Desktop\React\fanal\fanal_owner\node_modules\@remix-run\server-runtime\dist\server.js:275:35)
    at requestHandler (C:\Users\larte\Desktop\React\fanal\fanal_owner\node_modules\@remix-run\server-runtime\dist\server.js:160:24)
    at C:\Users\larte\Desktop\React\fanal\fanal_owner\node_modules\@remix-run\express\dist\server.js:41:28
ErrorResponseImpl {
  status: 404,
  statusText: 'Not Found',
  internal: true,
  data: 'Error: No route matches URL "/_next/webpack-hmr"',
  error: Error: No route matches URL "/_next/webpack-hmr"
      at getInternalRouterError (C:\Users\larte\Desktop\React\fanal\fanal_owner\node_modules\@remix-run\router\router.ts:5513:5)
      at Object.query (C:\Users\larte\Desktop\React\fanal\fanal_owner\node_modules\@remix-run\router\router.ts:3573:19)
      at handleDocumentRequest (C:\Users\larte\Desktop\React\fanal\fanal_owner\node_modules\@remix-run\server-runtime\dist\server.js:275:35)
      at requestHandler (C:\Users\larte\Desktop\React\fanal\fanal_owner\node_modules\@remix-run\server-runtime\dist\server.js:160:24)
      at C:\Users\larte\Desktop\React\fanal\fanal_owner\node_modules\@remix-run\express\dist\server.js:41:28
}
Error: No route matches URL "/_next/webpack-hmr"
    at getInternalRouterError (C:\Users\larte\Desktop\React\fanal\fanal_owner\node_modules\@remix-run\router\router.ts:5513:5)
    at Object.query (C:\Users\larte\Desktop\React\fanal\fanal_owner\node_modules\@remix-run\router\router.ts:3573:19)
    at handleDocumentRequest (C:\Users\larte\Desktop\React\fanal\fanal_owner\node_modules\@remix-run\server-runtime\dist\server.js:275:35)
    at requestHandler (C:\Users\larte\Desktop\React\fanal\fanal_owner\node_modules\@remix-run\server-runtime\dist\server.js:160:24)
    at C:\Users\larte\Desktop\React\fanal\fanal_owner\node_modules\@remix-run\express\dist\server.js:41:28
ErrorResponseImpl {
  status: 404,
  statusText: 'Not Found',
  internal: true,
  data: 'Error: No route matches URL "/_next/webpack-hmr"',
  error: Error: No route matches URL "/_next/webpack-hmr"
      at getInternalRouterError (C:\Users\larte\Desktop\React\fanal\fanal_owner\node_modules\@remix-run\router\router.ts:5513:5)
      at Object.query (C:\Users\larte\Desktop\React\fanal\fanal_owner\node_modules\@remix-run\router\router.ts:3573:19)
      at handleDocumentRequest (C:\Users\larte\Desktop\React\fanal\fanal_owner\node_modules\@remix-run\server-runtime\dist\server.js:275:35)
      at requestHandler (C:\Users\larte\Desktop\React\fanal\fanal_owner\node_modules\@remix-run\server-runtime\dist\server.js:160:24)
      at C:\Users\larte\Desktop\React\fanal\fanal_owner\node_modules\@remix-run\express\dist\server.js:41:28
}
Error: No route matches URL "/_next/webpack-hmr"
    at getInternalRouterError (C:\Users\larte\Desktop\React\fanal\fanal_owner\node_modules\@remix-run\router\router.ts:5513:5)
    at Object.query (C:\Users\larte\Desktop\React\fanal\fanal_owner\node_modules\@remix-run\router\router.ts:3573:19)
    at handleDocumentRequest (C:\Users\larte\Desktop\React\fanal\fanal_owner\node_modules\@remix-run\server-runtime\dist\server.js:275:35)
    at requestHandler (C:\Users\larte\Desktop\React\fanal\fanal_owner\node_modules\@remix-run\server-runtime\dist\server.js:160:24)
    at C:\Users\larte\Desktop\React\fanal\fanal_owner\node_modules\@remix-run\express\dist\server.js:41:28
ErrorResponseImpl {
  status: 404,
  statusText: 'Not Found',
  internal: true,
  data: 'Error: No route matches URL "/_next/webpack-hmr"',
  error: Error: No route matches URL "/_next/webpack-hmr"
      at getInternalRouterError (C:\Users\larte\Desktop\React\fanal\fanal_owner\node_modules\@remix-run\router\router.ts:5513:5)
      at Object.query (C:\Users\larte\Desktop\React\fanal\fanal_owner\node_modules\@remix-run\router\router.ts:3573:19)
      at handleDocumentRequest (C:\Users\larte\Desktop\React\fanal\fanal_owner\node_modules\@remix-run\server-runtime\dist\server.js:275:35)
      at requestHandler (C:\Users\larte\Desktop\React\fanal\fanal_owner\node_modules\@remix-run\server-runtime\dist\server.js:160:24)
      at C:\Users\larte\Desktop\React\fanal\fanal_owner\node_modules\@remix-run\express\dist\server.js:41:28
}
Error: No route matches URL "/_next/webpack-hmr"
    at getInternalRouterError (C:\Users\larte\Desktop\React\fanal\fanal_owner\node_modules\@remix-run\router\router.ts:5513:5)
    at Object.query (C:\Users\larte\Desktop\React\fanal\fanal_owner\node_modules\@remix-run\router\router.ts:3573:19)
    at handleDocumentRequest (C:\Users\larte\Desktop\React\fanal\fanal_owner\node_modules\@remix-run\server-runtime\dist\server.js:275:35)
    at requestHandler (C:\Users\larte\Desktop\React\fanal\fanal_owner\node_modules\@remix-run\server-runtime\dist\server.js:160:24)
    at C:\Users\larte\Desktop\React\fanal\fanal_owner\node_modules\@remix-run\express\dist\server.js:41:28
ErrorResponseImpl {
  status: 404,
  statusText: 'Not Found',
  internal: true,
  data: 'Error: No route matches URL "/_next/webpack-hmr"',
  error: Error: No route matches URL "/_next/webpack-hmr"
      at getInternalRouterError (C:\Users\larte\Desktop\React\fanal\fanal_owner\node_modules\@remix-run\router\router.ts:5513:5)
      at Object.query (C:\Users\larte\Desktop\React\fanal\fanal_owner\node_modules\@remix-run\router\router.ts:3573:19)
      at handleDocumentRequest (C:\Users\larte\Desktop\React\fanal\fanal_owner\node_modules\@remix-run\server-runtime\dist\server.js:275:35)
      at requestHandler (C:\Users\larte\Desktop\React\fanal\fanal_owner\node_modules\@remix-run\server-runtime\dist\server.js:160:24)
      at C:\Users\larte\Desktop\React\fanal\fanal_owner\node_modules\@remix-run\express\dist\server.js:41:28
}
Error: No route matches URL "/_next/webpack-hmr"
    at getInternalRouterError (C:\Users\larte\Desktop\React\fanal\fanal_owner\node_modules\@remix-run\router\router.ts:5513:5)
    at Object.query (C:\Users\larte\Desktop\React\fanal\fanal_owner\node_modules\@remix-run\router\router.ts:3573:19)
    at handleDocumentRequest (C:\Users\larte\Desktop\React\fanal\fanal_owner\node_modules\@remix-run\server-runtime\dist\server.js:275:35)
    at requestHandler (C:\Users\larte\Desktop\React\fanal\fanal_owner\node_modules\@remix-run\server-runtime\dist\server.js:160:24)
    at C:\Users\larte\Desktop\React\fanal\fanal_owner\node_modules\@remix-run\express\dist\server.js:41:28
ErrorResponseImpl {
  status: 404,
  statusText: 'Not Found',
  internal: true,
  data: 'Error: No route matches URL "/_next/webpack-hmr"',
  error: Error: No route matches URL "/_next/webpack-hmr"
      at getInternalRouterError (C:\Users\larte\Desktop\React\fanal\fanal_owner\node_modules\@remix-run\router\router.ts:5513:5)
      at Object.query (C:\Users\larte\Desktop\React\fanal\fanal_owner\node_modules\@remix-run\router\router.ts:3573:19)
      at handleDocumentRequest (C:\Users\larte\Desktop\React\fanal\fanal_owner\node_modules\@remix-run\server-runtime\dist\server.js:275:35)
      at requestHandler (C:\Users\larte\Desktop\React\fanal\fanal_owner\node_modules\@remix-run\server-runtime\dist\server.js:160:24)
      at C:\Users\larte\Desktop\React\fanal\fanal_owner\node_modules\@remix-run\express\dist\server.js:41:28
}
Error: No route matches URL "/_next/webpack-hmr"
    at getInternalRouterError (C:\Users\larte\Desktop\React\fanal\fanal_owner\node_modules\@remix-run\router\router.ts:5513:5)
    at Object.query (C:\Users\larte\Desktop\React\fanal\fanal_owner\node_modules\@remix-run\router\router.ts:3573:19)
    at handleDocumentRequest (C:\Users\larte\Desktop\React\fanal\fanal_owner\node_modules\@remix-run\server-runtime\dist\server.js:275:35)
    at requestHandler (C:\Users\larte\Desktop\React\fanal\fanal_owner\node_modules\@remix-run\server-runtime\dist\server.js:160:24)
    at C:\Users\larte\Desktop\React\fanal\fanal_owner\node_modules\@remix-run\express\dist\server.js:41:28
ErrorResponseImpl {
  status: 404,
  statusText: 'Not Found',
  internal: true,
  data: 'Error: No route matches URL "/_next/webpack-hmr"',
  error: Error: No route matches URL "/_next/webpack-hmr"
      at getInternalRouterError (C:\Users\larte\Desktop\React\fanal\fanal_owner\node_modules\@remix-run\router\router.ts:5513:5)
      at Object.query (C:\Users\larte\Desktop\React\fanal\fanal_owner\node_modules\@remix-run\router\router.ts:3573:19)
      at handleDocumentRequest (C:\Users\larte\Desktop\React\fanal\fanal_owner\node_modules\@remix-run\server-runtime\dist\server.js:275:35)
      at requestHandler (C:\Users\larte\Desktop\React\fanal\fanal_owner\node_modules\@remix-run\server-runtime\dist\server.js:160:24)
      at C:\Users\larte\Desktop\React\fanal\fanal_owner\node_modules\@remix-run\express\dist\server.js:41:28
}
Error: No route matches URL "/_next/webpack-hmr"
    at getInternalRouterError (C:\Users\larte\Desktop\React\fanal\fanal_owner\node_modules\@remix-run\router\router.ts:5513:5)
    at Object.query (C:\Users\larte\Desktop\React\fanal\fanal_owner\node_modules\@remix-run\router\router.ts:3573:19)
    at handleDocumentRequest (C:\Users\larte\Desktop\React\fanal\fanal_owner\node_modules\@remix-run\server-runtime\dist\server.js:275:35)
    at requestHandler (C:\Users\larte\Desktop\React\fanal\fanal_owner\node_modules\@remix-run\server-runtime\dist\server.js:160:24)
    at C:\Users\larte\Desktop\React\fanal\fanal_owner\node_modules\@remix-run\express\dist\server.js:41:28
ErrorResponseImpl {
  status: 404,
  statusText: 'Not Found',
  internal: true,
  data: 'Error: No route matches URL "/_next/webpack-hmr"',
  error: Error: No route matches URL "/_next/webpack-hmr"
      at getInternalRouterError (C:\Users\larte\Desktop\React\fanal\fanal_owner\node_modules\@remix-run\router\router.ts:5513:5)
      at Object.query (C:\Users\larte\Desktop\React\fanal\fanal_owner\node_modules\@remix-run\router\router.ts:3573:19)
      at handleDocumentRequest (C:\Users\larte\Desktop\React\fanal\fanal_owner\node_modules\@remix-run\server-runtime\dist\server.js:275:35)
      at requestHandler (C:\Users\larte\Desktop\React\fanal\fanal_owner\node_modules\@remix-run\server-runtime\dist\server.js:160:24)
      at C:\Users\larte\Desktop\React\fanal\fanal_owner\node_modules\@remix-run\express\dist\server.js:41:28
}
Error: No route matches URL "/_next/webpack-hmr"
    at getInternalRouterError (C:\Users\larte\Desktop\React\fanal\fanal_owner\node_modules\@remix-run\router\router.ts:5513:5)
    at Object.query (C:\Users\larte\Desktop\React\fanal\fanal_owner\node_modules\@remix-run\router\router.ts:3573:19)
    at handleDocumentRequest (C:\Users\larte\Desktop\React\fanal\fanal_owner\node_modules\@remix-run\server-runtime\dist\server.js:275:35)
    at requestHandler (C:\Users\larte\Desktop\React\fanal\fanal_owner\node_modules\@remix-run\server-runtime\dist\server.js:160:24)
    at C:\Users\larte\Desktop\React\fanal\fanal_owner\node_modules\@remix-run\express\dist\server.js:41:28
ErrorResponseImpl {
  status: 404,
  statusText: 'Not Found',
  internal: true,
  data: 'Error: No route matches URL "/_next/webpack-hmr"',
  error: Error: No route matches URL "/_next/webpack-hmr"
      at getInternalRouterError (C:\Users\larte\Desktop\React\fanal\fanal_owner\node_modules\@remix-run\router\router.ts:5513:5)
      at Object.query (C:\Users\larte\Desktop\React\fanal\fanal_owner\node_modules\@remix-run\router\router.ts:3573:19)
      at handleDocumentRequest (C:\Users\larte\Desktop\React\fanal\fanal_owner\node_modules\@remix-run\server-runtime\dist\server.js:275:35)
      at requestHandler (C:\Users\larte\Desktop\React\fanal\fanal_owner\node_modules\@remix-run\server-runtime\dist\server.js:160:24)
      at C:\Users\larte\Desktop\React\fanal\fanal_owner\node_modules\@remix-run\express\dist\server.js:41:28
}
Error: No route matches URL "/_next/webpack-hmr"
    at getInternalRouterError (C:\Users\larte\Desktop\React\fanal\fanal_owner\node_modules\@remix-run\router\router.ts:5513:5)
    at Object.query (C:\Users\larte\Desktop\React\fanal\fanal_owner\node_modules\@remix-run\router\router.ts:3573:19)
    at handleDocumentRequest (C:\Users\larte\Desktop\React\fanal\fanal_owner\node_modules\@remix-run\server-runtime\dist\server.js:275:35)
    at requestHandler (C:\Users\larte\Desktop\React\fanal\fanal_owner\node_modules\@remix-run\server-runtime\dist\server.js:160:24)
    at C:\Users\larte\Desktop\React\fanal\fanal_owner\node_modules\@remix-run\express\dist\server.js:41:28
ErrorResponseImpl {
  status: 404,
  statusText: 'Not Found',
  internal: true,
  data: 'Error: No route matches URL "/_next/webpack-hmr"',
  error: Error: No route matches URL "/_next/webpack-hmr"
      at getInternalRouterError (C:\Users\larte\Desktop\React\fanal\fanal_owner\node_modules\@remix-run\router\router.ts:5513:5)
      at Object.query (C:\Users\larte\Desktop\React\fanal\fanal_owner\node_modules\@remix-run\router\router.ts:3573:19)
      at handleDocumentRequest (C:\Users\larte\Desktop\React\fanal\fanal_owner\node_modules\@remix-run\server-runtime\dist\server.js:275:35)
      at requestHandler (C:\Users\larte\Desktop\React\fanal\fanal_owner\node_modules\@remix-run\server-runtime\dist\server.js:160:24)
      at C:\Users\larte\Desktop\React\fanal\fanal_owner\node_modules\@remix-run\express\dist\server.js:41:28
}
Error: No route matches URL "/manage_business/settings"
    at getInternalRouterError (C:\Users\larte\Desktop\React\fanal\fanal_owner\node_modules\@remix-run\router\router.ts:5513:5)
    at Object.query (C:\Users\larte\Desktop\React\fanal\fanal_owner\node_modules\@remix-run\router\router.ts:3573:19)
    at handleDocumentRequest (C:\Users\larte\Desktop\React\fanal\fanal_owner\node_modules\@remix-run\server-runtime\dist\server.js:275:35)
    at requestHandler (C:\Users\larte\Desktop\React\fanal\fanal_owner\node_modules\@remix-run\server-runtime\dist\server.js:160:24)
    at C:\Users\larte\Desktop\React\fanal\fanal_owner\node_modules\@remix-run\express\dist\server.js:41:28
ErrorResponseImpl {
  status: 404,
  statusText: 'Not Found',
  internal: true,
  data: 'Error: No route matches URL "/manage_business/settings"',
  error: Error: No route matches URL "/manage_business/settings"
      at getInternalRouterError (C:\Users\larte\Desktop\React\fanal\fanal_owner\node_modules\@remix-run\router\router.ts:5513:5)
      at Object.query (C:\Users\larte\Desktop\React\fanal\fanal_owner\node_modules\@remix-run\router\router.ts:3573:19)
      at handleDocumentRequest (C:\Users\larte\Desktop\React\fanal\fanal_owner\node_modules\@remix-run\server-runtime\dist\server.js:275:35)
      at requestHandler (C:\Users\larte\Desktop\React\fanal\fanal_owner\node_modules\@remix-run\server-runtime\dist\server.js:160:24)
      at C:\Users\larte\Desktop\React\fanal\fanal_owner\node_modules\@remix-run\express\dist\server.js:41:28
}
Error: No route matches URL "/manage_business/settings"
    at getInternalRouterError (C:\Users\larte\Desktop\React\fanal\fanal_owner\node_modules\@remix-run\router\router.ts:5513:5)
    at Object.query (C:\Users\larte\Desktop\React\fanal\fanal_owner\node_modules\@remix-run\router\router.ts:3573:19)
    at handleDocumentRequest (C:\Users\larte\Desktop\React\fanal\fanal_owner\node_modules\@remix-run\server-runtime\dist\server.js:275:35)
    at requestHandler (C:\Users\larte\Desktop\React\fanal\fanal_owner\node_modules\@remix-run\server-runtime\dist\server.js:160:24)
    at C:\Users\larte\Desktop\React\fanal\fanal_owner\node_modules\@remix-run\express\dist\server.js:41:28
ErrorResponseImpl {
  status: 404,
  statusText: 'Not Found',
  internal: true,
  data: 'Error: No route matches URL "/manage_business/settings"',
  error: Error: No route matches URL "/manage_business/settings"
      at getInternalRouterError (C:\Users\larte\Desktop\React\fanal\fanal_owner\node_modules\@remix-run\router\router.ts:5513:5)
      at Object.query (C:\Users\larte\Desktop\React\fanal\fanal_owner\node_modules\@remix-run\router\router.ts:3573:19)
      at handleDocumentRequest (C:\Users\larte\Desktop\React\fanal\fanal_owner\node_modules\@remix-run\server-runtime\dist\server.js:275:35)
      at requestHandler (C:\Users\larte\Desktop\React\fanal\fanal_owner\node_modules\@remix-run\server-runtime\dist\server.js:160:24)
      at C:\Users\larte\Desktop\React\fanal\fanal_owner\node_modules\@remix-run\express\dist\server.js:41:28
}
